Arguments: 
  /usr/bin/node /usr/bin/yarn add blueimp-md5

PATH: 
  /home/arthur/.zinit/polaris/sbin:/home/arthur/.zinit/polaris/bin:/usr/local/sbin:/usr/local/bin:/usr/sbin:/usr/bin:/sbin:/bin:/usr/games:/usr/local/games:/snap/bin:/home/arthur/android/SDK/emulator:/home/arthur/android/SDK/tools:/home/arthur/android/SDK/tools/bin:/home/arthur/android/SDK/platform-tools:/home/arthur/android/android-studio/bin:/home/arthur/.deno/bin:/home/arthur/android/SDK/emulator:/home/arthur/android/SDK/tools:/home/arthur/android/SDK/tools/bin:/home/arthur/android/SDK/platform-tools:/home/arthur/android/android-studio/bin:/home/arthur/.deno/bin

Yarn version: 
  1.22.10

Node version: 
  14.15.1

Platform: 
  linux x64

Trace: 
  Error: getaddrinfo EAI_AGAIN registry.yarnpkg.com
      at GetAddrInfoReqWrap.onlookup [as oncomplete] (dns.js:67:26)

npm manifest: 
  {
    "name": "crypto-files",
    "version": "1.0.0",
    "main": "index.js",
    "license": "MIT",
    "type": "module",
    "scripts": {
      "start": "node --harmony-top-level-await src/index.js"
    },
    "dependencies": {}
  }

yarn manifest: 
  No manifest

Lockfile: 
  # THIS IS AN AUTOGENERATED FILE. DO NOT EDIT THIS FILE DIRECTLY.
  # yarn lockfile v1
